{"total": {"lines":{"total":254,"covered":164,"skipped":0,"pct":64.56},"statements":{"total":275,"covered":180,"skipped":0,"pct":65.45},"functions":{"total":64,"covered":40,"skipped":0,"pct":62.5},"branches":{"total":136,"covered":86,"skipped":0,"pct":63.23},"branchesTrue":{"total":0,"covered":0,"skipped":0,"pct":100}}
,"C:\\Desenvolvimento\\IA\\Aprendizado\\SDD\\genai-sdd\\mcp\\pokemon-service.ts": {"lines":{"total":46,"covered":32,"skipped":0,"pct":69.56},"functions":{"total":9,"covered":8,"skipped":0,"pct":88.88},"statements":{"total":52,"covered":36,"skipped":0,"pct":69.23},"branches":{"total":16,"covered":9,"skipped":0,"pct":56.25}}
,"C:\\Desenvolvimento\\IA\\Aprendizado\\SDD\\genai-sdd\\scripts\\detect-language.ts": {"lines":{"total":13,"covered":12,"skipped":0,"pct":92.3},"functions":{"total":1,"covered":1,"skipped":0,"pct":100},"statements":{"total":19,"covered":17,"skipped":0,"pct":89.47},"branches":{"total":16,"covered":12,"skipped":0,"pct":75}}
,"C:\\Desenvolvimento\\IA\\Aprendizado\\SDD\\genai-sdd\\src\\features\\auth\\LoginForm.tsx": {"lines":{"total":10,"covered":10,"skipped":0,"pct":100},"functions":{"total":2,"covered":2,"skipped":0,"pct":100},"statements":{"total":10,"covered":10,"skipped":0,"pct":100},"branches":{"total":10,"covered":7,"skipped":0,"pct":70}}
,"C:\\Desenvolvimento\\IA\\Aprendizado\\SDD\\genai-sdd\\src\\features\\auth\\LoginPage.tsx": {"lines":{"total":8,"covered":8,"skipped":0,"pct":100},"functions":{"total":2,"covered":2,"skipped":0,"pct":100},"statements":{"total":10,"covered":10,"skipped":0,"pct":100},"branches":{"total":6,"covered":6,"skipped":0,"pct":100}}
,"C:\\Desenvolvimento\\IA\\Aprendizado\\SDD\\genai-sdd\\src\\features\\auth\\authErrors.ts": {"lines":{"total":7,"covered":7,"skipped":0,"pct":100},"functions":{"total":1,"covered":1,"skipped":0,"pct":100},"statements":{"total":7,"covered":7,"skipped":0,"pct":100},"branches":{"total":8,"covered":8,"skipped":0,"pct":100}}
,"C:\\Desenvolvimento\\IA\\Aprendizado\\SDD\\genai-sdd\\src\\features\\auth\\authSchema.ts": {"lines":{"total":1,"covered":1,"skipped":0,"pct":100},"functions":{"total":0,"covered":0,"skipped":0,"pct":100},"statements":{"total":1,"covered":1,"skipped":0,"pct":100},"branches":{"total":0,"covered":0,"skipped":0,"pct":100}}
,"C:\\Desenvolvimento\\IA\\Aprendizado\\SDD\\genai-sdd\\src\\features\\auth\\authService.ts": {"lines":{"total":4,"covered":1,"skipped":0,"pct":25},"functions":{"total":1,"covered":0,"skipped":0,"pct":0},"statements":{"total":4,"covered":1,"skipped":0,"pct":25},"branches":{"total":2,"covered":0,"skipped":0,"pct":0}}
,"C:\\Desenvolvimento\\IA\\Aprendizado\\SDD\\genai-sdd\\src\\features\\auth\\e2eAuth.ts": {"lines":{"total":49,"covered":3,"skipped":0,"pct":6.12},"functions":{"total":14,"covered":0,"skipped":0,"pct":0},"statements":{"total":51,"covered":3,"skipped":0,"pct":5.88},"branches":{"total":16,"covered":0,"skipped":0,"pct":0}}
,"C:\\Desenvolvimento\\IA\\Aprendizado\\SDD\\genai-sdd\\src\\features\\auth\\useAuthState.ts": {"lines":{"total":8,"covered":1,"skipped":0,"pct":12.5},"functions":{"total":3,"covered":0,"skipped":0,"pct":0},"statements":{"total":8,"covered":1,"skipped":0,"pct":12.5},"branches":{"total":4,"covered":0,"skipped":0,"pct":0}}
,"C:\\Desenvolvimento\\IA\\Aprendizado\\SDD\\genai-sdd\\src\\features\\pokemon-list\\PokemonCard.tsx": {"lines":{"total":1,"covered":1,"skipped":0,"pct":100},"functions":{"total":1,"covered":1,"skipped":0,"pct":100},"statements":{"total":1,"covered":1,"skipped":0,"pct":100},"branches":{"total":0,"covered":0,"skipped":0,"pct":100}}
,"C:\\Desenvolvimento\\IA\\Aprendizado\\SDD\\genai-sdd\\src\\features\\pokemon-list\\PokemonList.tsx": {"lines":{"total":16,"covered":16,"skipped":0,"pct":100},"functions":{"total":6,"covered":6,"skipped":0,"pct":100},"statements":{"total":16,"covered":16,"skipped":0,"pct":100},"branches":{"total":4,"covered":4,"skipped":0,"pct":100}}
,"C:\\Desenvolvimento\\IA\\Aprendizado\\SDD\\genai-sdd\\src\\features\\pokemon-list\\pokemonService.ts": {"lines":{"total":18,"covered":18,"skipped":0,"pct":100},"functions":{"total":8,"covered":8,"skipped":0,"pct":100},"statements":{"total":21,"covered":21,"skipped":0,"pct":100},"branches":{"total":6,"covered":6,"skipped":0,"pct":100}}
,"C:\\Desenvolvimento\\IA\\Aprendizado\\SDD\\genai-sdd\\src\\features\\pokemon-list\\usePokemonList.ts": {"lines":{"total":15,"covered":0,"skipped":0,"pct":0},"functions":{"total":5,"covered":0,"skipped":0,"pct":0},"statements":{"total":15,"covered":0,"skipped":0,"pct":0},"branches":{"total":4,"covered":0,"skipped":0,"pct":0}}
,"C:\\Desenvolvimento\\IA\\Aprendizado\\SDD\\genai-sdd\\src\\features\\user-logout\\LogoutButton.tsx": {"lines":{"total":15,"covered":14,"skipped":0,"pct":93.33},"functions":{"total":2,"covered":2,"skipped":0,"pct":100},"statements":{"total":15,"covered":14,"skipped":0,"pct":93.33},"branches":{"total":8,"covered":6,"skipped":0,"pct":75}}
,"C:\\Desenvolvimento\\IA\\Aprendizado\\SDD\\genai-sdd\\src\\features\\user-logout\\logoutErrors.ts": {"lines":{"total":3,"covered":3,"skipped":0,"pct":100},"functions":{"total":1,"covered":1,"skipped":0,"pct":100},"statements":{"total":3,"covered":3,"skipped":0,"pct":100},"branches":{"total":2,"covered":2,"skipped":0,"pct":100}}
,"C:\\Desenvolvimento\\IA\\Aprendizado\\SDD\\genai-sdd\\src\\features\\user-signup\\SignupForm.tsx": {"lines":{"total":10,"covered":10,"skipped":0,"pct":100},"functions":{"total":2,"covered":2,"skipped":0,"pct":100},"statements":{"total":10,"covered":10,"skipped":0,"pct":100},"branches":{"total":16,"covered":10,"skipped":0,"pct":62.5}}
,"C:\\Desenvolvimento\\IA\\Aprendizado\\SDD\\genai-sdd\\src\\features\\user-signup\\SignupPage.tsx": {"lines":{"total":8,"covered":8,"skipped":0,"pct":100},"functions":{"total":2,"covered":2,"skipped":0,"pct":100},"statements":{"total":10,"covered":10,"skipped":0,"pct":100},"branches":{"total":6,"covered":6,"skipped":0,"pct":100}}
,"C:\\Desenvolvimento\\IA\\Aprendizado\\SDD\\genai-sdd\\src\\features\\user-signup\\signupErrors.ts": {"lines":{"total":7,"covered":6,"skipped":0,"pct":85.71},"functions":{"total":1,"covered":1,"skipped":0,"pct":100},"statements":{"total":7,"covered":6,"skipped":0,"pct":85.71},"branches":{"total":6,"covered":5,"skipped":0,"pct":83.33}}
,"C:\\Desenvolvimento\\IA\\Aprendizado\\SDD\\genai-sdd\\src\\features\\user-signup\\signupSchema.ts": {"lines":{"total":3,"covered":3,"skipped":0,"pct":100},"functions":{"total":2,"covered":2,"skipped":0,"pct":100},"statements":{"total":3,"covered":3,"skipped":0,"pct":100},"branches":{"total":2,"covered":2,"skipped":0,"pct":100}}
,"C:\\Desenvolvimento\\IA\\Aprendizado\\SDD\\genai-sdd\\src\\features\\user-signup\\signupService.ts": {"lines":{"total":12,"covered":10,"skipped":0,"pct":83.33},"functions":{"total":1,"covered":1,"skipped":0,"pct":100},"statements":{"total":12,"covered":10,"skipped":0,"pct":83.33},"branches":{"total":4,"covered":3,"skipped":0,"pct":75}}
}
